0 info it worked if it ends with ok
1 verbose cli [ '/usr/local/bin/node', '/usr/local/bin/npm', 'publish' ]
2 info using npm@3.5.3
3 info using node@v5.4.1
4 verbose publish [ '.' ]
5 silly cache add args [ '.', null ]
6 verbose cache add spec .
7 silly cache add parsed spec Result {
7 silly cache add   raw: '.',
7 silly cache add   scope: null,
7 silly cache add   name: null,
7 silly cache add   rawSpec: '.',
7 silly cache add   spec: '/Users/macgmercer/Desktop/projects/stanford-speaks/github/command-ss',
7 silly cache add   type: 'directory' }
8 verbose addLocalDirectory /Users/macgmercer/.npm/command-ss/1.0.39/package.tgz not in flight; packing
9 info lifecycle command-ss@1.0.39~prepublish: command-ss@1.0.39
10 silly lifecycle command-ss@1.0.39~prepublish: no script for prepublish, continuing
11 verbose tar pack [ '/Users/macgmercer/.npm/command-ss/1.0.39/package.tgz',
11 verbose tar pack   '/Users/macgmercer/Desktop/projects/stanford-speaks/github/command-ss' ]
12 verbose tarball /Users/macgmercer/.npm/command-ss/1.0.39/package.tgz
13 verbose folder /Users/macgmercer/Desktop/projects/stanford-speaks/github/command-ss
14 verbose addLocalTarball adding from inside cache /Users/macgmercer/.npm/command-ss/1.0.39/package.tgz
15 silly cache afterAdd command-ss@1.0.39
16 verbose afterAdd /Users/macgmercer/.npm/command-ss/1.0.39/package/package.json not in flight; writing
17 verbose afterAdd /Users/macgmercer/.npm/command-ss/1.0.39/package/package.json written
18 silly publish { name: 'command-ss',
18 silly publish   version: '1.0.39',
18 silly publish   main: 'index',
18 silly publish   dependencies: { lodash: '^3.8.0' },
18 silly publish   repository:
18 silly publish    { type: 'git',
18 silly publish      url: 'git+https://github.com/gregmercer/command-ss.git' },
18 silly publish   readme: '# command-ss\nStanford Speak Slack Slash Command\n\nPublished as a npm package at:\n```\nhttps://www.npmjs.com/package/command-ss\n```\n\nInstructions on how to publish a package on npm can be found at:\n```\nhttps://docs.npmjs.com/getting-started/publishing-npm-packages\n```\n',
18 silly publish   readmeFilename: 'README.md',
18 silly publish   gitHead: '0ca624cd58ddcc03297369638809fc142b8d2be5',
18 silly publish   description: 'Stanford Speak Slack Slash Command',
18 silly publish   bugs: { url: 'https://github.com/gregmercer/command-ss/issues' },
18 silly publish   homepage: 'https://github.com/gregmercer/command-ss#readme',
18 silly publish   _id: 'command-ss@1.0.39',
18 silly publish   scripts: {},
18 silly publish   _shasum: '501d12fc5ce75dd2674352c39147694ea38e4fd5',
18 silly publish   _from: '.' }
19 verbose getPublishConfig undefined
20 silly mapToRegistry name command-ss
21 silly mapToRegistry using default registry
22 silly mapToRegistry registry https://registry.npmjs.org/
23 silly mapToRegistry uri https://registry.npmjs.org/command-ss
24 verbose publish registryBase https://registry.npmjs.org/
25 silly publish uploading /Users/macgmercer/.npm/command-ss/1.0.39/package.tgz
26 verbose request uri https://registry.npmjs.org/command-ss
27 verbose request sending authorization for write operation
28 info attempt registry request try #1 at 8:30:58 AM
29 verbose request using bearer token for auth
30 verbose request id eb4617bbe43189d4
31 http request PUT https://registry.npmjs.org/command-ss
32 http 403 https://registry.npmjs.org/command-ss
33 verbose headers { 'content-type': 'application/json',
33 verbose headers   'cache-control': 'max-age=300',
33 verbose headers   'content-length': '96',
33 verbose headers   'accept-ranges': 'bytes',
33 verbose headers   date: 'Mon, 23 May 2016 15:30:58 GMT',
33 verbose headers   via: '1.1 varnish',
33 verbose headers   connection: 'keep-alive',
33 verbose headers   'x-served-by': 'cache-lax1441-LAX',
33 verbose headers   'x-cache': 'MISS',
33 verbose headers   'x-cache-hits': '0',
33 verbose headers   'x-timer': 'S1464017458.167411,VS0,VE163',
33 verbose headers   vary: 'Accept-Encoding' }
34 verbose request invalidating /Users/macgmercer/.npm/registry.npmjs.org/command-ss on PUT
35 error publish Failed PUT 403
36 verbose stack Error: "You cannot publish over the previously published version 1.0.39." : command-ss
36 verbose stack     at makeError (/usr/local/lib/node_modules/npm/node_modules/npm-registry-client/lib/request.js:264:12)
36 verbose stack     at CachingRegistryClient.<anonymous> (/usr/local/lib/node_modules/npm/node_modules/npm-registry-client/lib/request.js:252:14)
36 verbose stack     at Request._callback (/usr/local/lib/node_modules/npm/node_modules/npm-registry-client/lib/request.js:172:14)
36 verbose stack     at Request.self.callback (/usr/local/lib/node_modules/npm/node_modules/request/request.js:198:22)
36 verbose stack     at emitTwo (events.js:87:13)
36 verbose stack     at Request.emit (events.js:172:7)
36 verbose stack     at Request.<anonymous> (/usr/local/lib/node_modules/npm/node_modules/request/request.js:1035:10)
36 verbose stack     at emitOne (events.js:82:20)
36 verbose stack     at Request.emit (events.js:169:7)
36 verbose stack     at IncomingMessage.<anonymous> (/usr/local/lib/node_modules/npm/node_modules/request/request.js:962:12)
37 verbose statusCode 403
38 verbose pkgid command-ss
39 verbose cwd /Users/macgmercer/Desktop/projects/stanford-speaks/github/command-ss
40 error Darwin 12.6.0
41 error argv "/usr/local/bin/node" "/usr/local/bin/npm" "publish"
42 error node v5.4.1
43 error npm  v3.5.3
44 error code E403
45 error "You cannot publish over the previously published version 1.0.39." : command-ss
46 error If you need help, you may report this error at:
46 error     <https://github.com/npm/npm/issues>
47 verbose exit [ 1, true ]
